0 info it worked if it ends with ok
1 verbose cli [ '/Users/igorandreev/.nvm/versions/node/v6.8.1/bin/node',
1 verbose cli   '/Users/igorandreev/.nvm/versions/node/v6.8.1/bin/npm',
1 verbose cli   'run',
1 verbose cli   'build' ]
2 info using npm@4.0.3
3 info using node@v6.8.1
4 verbose run-script [ 'prebuild', 'build', 'postbuild' ]
5 info lifecycle preact-batteries@0.1.9~prebuild: preact-batteries@0.1.9
6 silly lifecycle preact-batteries@0.1.9~prebuild: no script for prebuild, continuing
7 info lifecycle preact-batteries@0.1.9~build: preact-batteries@0.1.9
8 verbose lifecycle preact-batteries@0.1.9~build: unsafe-perm in lifecycle true
9 verbose lifecycle preact-batteries@0.1.9~build: PATH: /Users/igorandreev/.nvm/versions/node/v6.8.1/lib/node_modules/npm/bin/node-gyp-bin:/Users/igorandreev/www/own/preact-batteries/node_modules/.bin:/Users/igorandreev/.nvm/versions/node/v6.8.1/bin:/usr/local/opt/php71/bin:/usr/local/bin:/usr/bin:/bin:/usr/sbin:/sbin:/usr/local/share/dotnet:/Library/Frameworks/Mono.framework/Versions/Current/Commands:/Users/igorandreev/.fzf/bin
10 verbose lifecycle preact-batteries@0.1.9~build: CWD: /Users/igorandreev/www/own/preact-batteries
11 silly lifecycle preact-batteries@0.1.9~build: Args: [ '-c', 'tsc -p ./src' ]
12 silly lifecycle preact-batteries@0.1.9~build: Returned: code: 2  signal: null
13 info lifecycle preact-batteries@0.1.9~build: Failed to exec build script
14 verbose stack Error: preact-batteries@0.1.9 build: `tsc -p ./src`
14 verbose stack Exit status 2
14 verbose stack     at EventEmitter.<anonymous> (/Users/igorandreev/.nvm/versions/node/v6.8.1/lib/node_modules/npm/lib/utils/lifecycle.js:279:16)
14 verbose stack     at emitTwo (events.js:106:13)
14 verbose stack     at EventEmitter.emit (events.js:191:7)
14 verbose stack     at ChildProcess.<anonymous> (/Users/igorandreev/.nvm/versions/node/v6.8.1/lib/node_modules/npm/lib/utils/spawn.js:40:14)
14 verbose stack     at emitTwo (events.js:106:13)
14 verbose stack     at ChildProcess.emit (events.js:191:7)
14 verbose stack     at maybeClose (internal/child_process.js:877:16)
14 verbose stack     at Process.ChildProcess._handle.onexit (internal/child_process.js:226:5)
15 verbose pkgid preact-batteries@0.1.9
16 verbose cwd /Users/igorandreev/www/own/preact-batteries
17 error Darwin 16.4.0
18 error argv "/Users/igorandreev/.nvm/versions/node/v6.8.1/bin/node" "/Users/igorandreev/.nvm/versions/node/v6.8.1/bin/npm" "run" "build"
19 error node v6.8.1
20 error npm  v4.0.3
21 error code ELIFECYCLE
22 error preact-batteries@0.1.9 build: `tsc -p ./src`
22 error Exit status 2
23 error Failed at the preact-batteries@0.1.9 build script 'tsc -p ./src'.
23 error Make sure you have the latest version of node.js and npm installed.
23 error If you do, this is most likely a problem with the preact-batteries package,
23 error not with npm itself.
23 error Tell the author that this fails on your system:
23 error     tsc -p ./src
23 error You can get information on how to open an issue for this project with:
23 error     npm bugs preact-batteries
23 error Or if that isn't available, you can get their info via:
23 error     npm owner ls preact-batteries
23 error There is likely additional logging output above.
24 verbose exit [ 1, true ]
